<?xml version="1.0" encoding="UTF-8"?>
<!-- Generated by org.testng.reporters.JUnitReportReporter -->
<testsuite hostname="DESKTOP-EBQKJSS" failures="0" tests="1" name="TestNG.TestNG1" time="5.772" errors="0" timestamp="2023-09-05T19:27:21 IST" skipped="0">
  <testcase classname="TestNG.TestNG1" name="TestNG11" time="5.772"/>
</testsuite> <!-- TestNG.TestNG1 -->
